<?xml version="1.0" encoding="UTF-8"?>
<robot generator="Robot 7.2.2 (Python 3.13.2 on win32)" generated="2025-04-17T17:49:57.684447" rpa="false" schemaversion="5">
<suite id="s1" name="API Testing Activity 01" source="C:\Users\LIAW004\OneDrive - Bertelsmann SE &amp; Co. KGaA\Desktop\Project\API_Testing_Activity_01">
<suite id="s1-s1" name="Suites" source="C:\Users\LIAW004\OneDrive - Bertelsmann SE &amp; Co. KGaA\Desktop\Project\API_Testing_Activity_01\suites">
<suite id="s1-s1-s1" name="03 Get Single Object" source="C:\Users\LIAW004\OneDrive - Bertelsmann SE &amp; Co. KGaA\Desktop\Project\API_Testing_Activity_01\suites\03_Get_Single_Object.robot">
<test id="s1-s1-s1-t1" name="Get Single Object" line="11">
<kw name="Get Single Object" owner="Generic">
<kw name="GET" owner="RequestsLibrary">
<msg time="2025-04-17T17:49:58.555225" level="INFO">GET Request : url=https://api.restful-api.dev/objects/7 
 path_url=/objects/7 
 headers={'User-Agent': 'python-requests/2.32.3', 'Accept-Encoding': 'gzip, deflate, zstd', 'Accept': '*/*', 'Connection': 'keep-alive'} 
 body=None 
 </msg>
<msg time="2025-04-17T17:49:58.555573" level="INFO">GET Response : url=https://api.restful-api.dev/objects/7 
 status=200, reason=OK 
 headers={'Date': 'Thu, 17 Apr 2025 09:49:58 GMT', 'Content-Type': 'application/json', 'Transfer-Encoding': 'chunked', 'Connection': 'keep-alive', 'Server': 'cloudflare', 'Vary': 'Origin, Access-Control-Request-Method, Access-Control-Request-Headers', 'Cf-Cache-Status': 'DYNAMIC', 'Content-Encoding': 'zstd', 'CF-RAY': '931b03f8b944fd9f-SIN', 'alt-svc': 'h3=":443"; ma=86400'} 
 body={"id":"7","name":"Apple MacBook Pro 16","data":{"year":2019,"price":1849.99,"CPU model":"Intel Core i9","Hard disk size":"1 TB"}} 
 </msg>
<msg time="2025-04-17T17:49:58.555820" level="INFO">${response} = &lt;Response [200]&gt;</msg>
<var>${response}</var>
<arg>${base.url}/objects/${object_id}</arg>
<doc>Sends a GET request.</doc>
<status status="PASS" start="2025-04-17T17:49:58.329116" elapsed="0.226817"/>
</kw>
<kw name="Should Be Equal As Strings" owner="BuiltIn">
<msg time="2025-04-17T17:49:58.557280" level="INFO">Argument types are:
&lt;class 'int'&gt;
&lt;class 'str'&gt;</msg>
<arg>${response.status_code}</arg>
<arg>200</arg>
<doc>Fails if objects are unequal after converting them to strings.</doc>
<status status="PASS" start="2025-04-17T17:49:58.556144" elapsed="0.001431"/>
</kw>
<kw name="Log" owner="BuiltIn">
<msg time="2025-04-17T17:49:58.558876" level="INFO">{"id":"7","name":"Apple MacBook Pro 16","data":{"year":2019,"price":1849.99,"CPU model":"Intel Core i9","Hard disk size":"1 TB"}}</msg>
<arg>${response.content}</arg>
<arg>console=True</arg>
<doc>Logs the given message with the given level.</doc>
<status status="PASS" start="2025-04-17T17:49:58.557847" elapsed="0.001901"/>
</kw>
<arg>7</arg>
<status status="PASS" start="2025-04-17T17:49:58.327806" elapsed="0.232184"/>
</kw>
<doc>Retrieve object(ID=7) and print as a string</doc>
<status status="PASS" start="2025-04-17T17:49:58.326176" elapsed="0.234424"/>
</test>
<status status="PASS" start="2025-04-17T17:49:57.726188" elapsed="0.836087"/>
</suite>
<status status="PASS" start="2025-04-17T17:49:57.722364" elapsed="0.841703"/>
</suite>
<status status="PASS" start="2025-04-17T17:49:57.691885" elapsed="0.874101"/>
</suite>
<statistics>
<total>
<stat pass="1" fail="0" skip="0">All Tests</stat>
</total>
<tag>
</tag>
<suite>
<stat name="API Testing Activity 01" id="s1" pass="1" fail="0" skip="0">API Testing Activity 01</stat>
<stat name="Suites" id="s1-s1" pass="1" fail="0" skip="0">API Testing Activity 01.Suites</stat>
<stat name="03 Get Single Object" id="s1-s1-s1" pass="1" fail="0" skip="0">API Testing Activity 01.Suites.03 Get Single Object</stat>
</suite>
</statistics>
<errors>
</errors>
</robot>
