<?xml version="1.0" encoding="UTF-8"?>
<robot generator="Robot 7.2.2 (Python 3.13.2 on win32)" generated="2025-04-17T14:23:57.302509" rpa="false" schemaversion="5">
<suite id="s1" name="SharingSession" source="c:\Users\LIAW004\projects\training\SharingSession">
<suite id="s1-s1" name="Suites" source="c:\Users\LIAW004\projects\training\SharingSession\suites">
<suite id="s1-s1-s1" name="05 Update Object" source="c:\Users\LIAW004\projects\training\SharingSession\suites\05_Update_Object.robot">
<test id="s1-s1-s1-t1" name="Updating Object Information With PUT" line="11">
<kw name="Create Dictionary" owner="BuiltIn">
<msg time="2025-04-17T14:23:58.317464" level="INFO">&amp;{updated_data} = { year=2019 | price=2049.99 | CPU model=Intel Core i9 | Hard disk size=1 TB | color=silver }</msg>
<var>&amp;{updated_data}</var>
<arg>year=2019</arg>
<arg>price=2049.99</arg>
<arg>CPU model=Intel Core i9</arg>
<arg>Hard disk size=1 TB</arg>
<arg>color=silver</arg>
<doc>Creates and returns a dictionary based on the given ``items``.</doc>
<status status="PASS" start="2025-04-17T14:23:58.316658" elapsed="0.001087"/>
</kw>
<kw name="Create Dictionary" owner="BuiltIn">
<msg time="2025-04-17T14:23:58.319146" level="INFO">&amp;{payload} = { name=Apple MacBook Pro 16 | data={'year': '2019', 'price': '2049.99', 'CPU model': 'Intel Core i9', 'Hard disk size': '1 TB', 'color': 'silver'} }</msg>
<var>&amp;{payload}</var>
<arg>name=Apple MacBook Pro 16</arg>
<arg>data=${updated_data}</arg>
<doc>Creates and returns a dictionary based on the given ``items``.</doc>
<status status="PASS" start="2025-04-17T14:23:58.318313" elapsed="0.001053"/>
</kw>
<kw name="Create Dictionary" owner="BuiltIn">
<msg time="2025-04-17T14:23:58.320482" level="INFO">${headers} = {'Content-Type': 'application/json'}</msg>
<var>${headers}</var>
<arg>Content-Type=application/json</arg>
<doc>Creates and returns a dictionary based on the given ``items``.</doc>
<status status="PASS" start="2025-04-17T14:23:58.319854" elapsed="0.000832"/>
</kw>
<kw name="PUT" owner="RequestsLibrary">
<msg time="2025-04-17T14:23:58.464701" level="INFO">PUT Request : url=https://api.restful-api.dev/objects/7 
 path_url=/objects/7 
 headers={'User-Agent': 'python-requests/2.32.3', 'Accept-Encoding': 'gzip, deflate, zstd', 'Accept': '*/*', 'Connection': 'keep-alive', 'Content-Type': 'application/json', 'Content-Length': '153'} 
 body=b'{"name": "Apple MacBook Pro 16", "data": {"year": "2019", "price": "2049.99", "CPU model": "Intel Core i9", "Hard disk size": "1 TB", "color": "silver"}}' 
 </msg>
<msg time="2025-04-17T14:23:58.465200" level="INFO">PUT Response : url=https://api.restful-api.dev/objects/7 
 status=405, reason=Method Not Allowed 
 headers={'Date': 'Thu, 17 Apr 2025 06:23:58 GMT', 'Content-Type': 'application/json', 'Transfer-Encoding': 'chunked', 'Connection': 'keep-alive', 'Server': 'cloudflare', 'Vary': 'Origin, Access-Control-Request-Method, Access-Control-Request-Headers', 'Cf-Cache-Status': 'DYNAMIC', 'CF-RAY': '9319d636da914ccb-SIN', 'alt-svc': 'h3=":443"; ma=86400'} 
 body={"error":"7 is a reserved id and the data object of it cannot be overridden. You can create a new object via POST request and use new generated by id from it to send a PUT request."} 
 </msg>
<msg time="2025-04-17T14:23:58.465627" level="FAIL">HTTPError: 405 Client Error: Method Not Allowed for url: https://api.restful-api.dev/objects/7</msg>
<var>${response}</var>
<arg>${base.url}/objects/${object_id}</arg>
<arg>json=${payload}</arg>
<arg>headers=${headers}</arg>
<doc>Sends a PUT request.</doc>
<status status="FAIL" start="2025-04-17T14:23:58.321068" elapsed="0.149999">HTTPError: 405 Client Error: Method Not Allowed for url: https://api.restful-api.dev/objects/7</status>
</kw>
<kw name="Should Be Equal As Integers" owner="BuiltIn">
<arg>${response.status_code}</arg>
<arg>200</arg>
<doc>Fails if objects are unequal after converting them to integers.</doc>
<status status="NOT RUN" start="2025-04-17T14:23:58.471593" elapsed="0.000280"/>
</kw>
<kw name="Convert String To Json" owner="JSONLibrary">
<var>${json_response}</var>
<arg>${response.content}</arg>
<doc>Convert String to JSON object</doc>
<status status="NOT RUN" start="2025-04-17T14:23:58.472289" elapsed="0.000245"/>
</kw>
<kw name="Should Be Equal" owner="BuiltIn">
<arg>${json_response["id"]}</arg>
<arg>${object_id}</arg>
<doc>Fails if the given objects are unequal.</doc>
<status status="NOT RUN" start="2025-04-17T14:23:58.472876" elapsed="0.000270"/>
</kw>
<kw name="Should Be Equal" owner="BuiltIn">
<arg>${json_response["name"]}</arg>
<arg>Apple MacBook Pro 16</arg>
<doc>Fails if the given objects are unequal.</doc>
<status status="NOT RUN" start="2025-04-17T14:23:58.512889" elapsed="0.000474"/>
</kw>
<kw name="Get From Dictionary" owner="Collections">
<var>${data}</var>
<arg>${json_response}</arg>
<arg>data</arg>
<doc>Returns a value from the given ``dictionary`` based on the given ``key``.</doc>
<status status="NOT RUN" start="2025-04-17T14:23:58.529690" elapsed="0.000462"/>
</kw>
<kw name="Should Be Equal" owner="BuiltIn">
<arg>${data["price"]}</arg>
<arg>2049.99</arg>
<doc>Fails if the given objects are unequal.</doc>
<status status="NOT RUN" start="2025-04-17T14:23:58.544834" elapsed="0.000495"/>
</kw>
<kw name="Should Be Equal" owner="BuiltIn">
<arg>${data["color"]}</arg>
<arg>silver</arg>
<doc>Fails if the given objects are unequal.</doc>
<status status="NOT RUN" start="2025-04-17T14:23:58.546164" elapsed="0.000358"/>
</kw>
<kw name="Log" owner="BuiltIn">
<arg>Update successful! Response: ${json_response}</arg>
<arg>console=True</arg>
<doc>Logs the given message with the given level.</doc>
<status status="NOT RUN" start="2025-04-17T14:23:58.546972" elapsed="0.000244"/>
</kw>
<doc>Updating object ID=7: Change Price, Add color detail</doc>
<status status="FAIL" start="2025-04-17T14:23:58.314601" elapsed="0.233138">HTTPError: 405 Client Error: Method Not Allowed for url: https://api.restful-api.dev/objects/7</status>
</test>
<status status="FAIL" start="2025-04-17T14:23:57.358557" elapsed="1.191075"/>
</suite>
<status status="FAIL" start="2025-04-17T14:23:57.353208" elapsed="1.198186"/>
</suite>
<status status="FAIL" start="2025-04-17T14:23:57.313001" elapsed="1.240201"/>
</suite>
<statistics>
<total>
<stat pass="0" fail="1" skip="0">All Tests</stat>
</total>
<tag>
</tag>
<suite>
<stat name="SharingSession" id="s1" pass="0" fail="1" skip="0">SharingSession</stat>
<stat name="Suites" id="s1-s1" pass="0" fail="1" skip="0">SharingSession.Suites</stat>
<stat name="05 Update Object" id="s1-s1-s1" pass="0" fail="1" skip="0">SharingSession.Suites.05 Update Object</stat>
</suite>
</statistics>
<errors>
</errors>
</robot>
