<?xml version="1.0" encoding="UTF-8"?>
<robot generator="Robot 7.2.2 (Python 3.13.2 on win32)" generated="2025-04-17T14:14:53.352061" rpa="false" schemaversion="5">
<suite id="s1" name="SharingSession" source="c:\Users\LIAW004\projects\training\SharingSession">
<suite id="s1-s1" name="Suites" source="c:\Users\LIAW004\projects\training\SharingSession\suites">
<suite id="s1-s1-s1" name="07 Delete Object" source="c:\Users\LIAW004\projects\training\SharingSession\suites\07_Delete_Object.robot">
<test id="s1-s1-s1-t1" name="Delete Item From List And Verify Removal" line="11">
<kw name="GET" owner="RequestsLibrary">
<msg time="2025-04-17T14:14:54.802750" level="INFO">GET Request : url=https://api.restful-api.dev/objects 
 path_url=/objects 
 headers={'User-Agent': 'python-requests/2.32.3', 'Accept-Encoding': 'gzip, deflate, zstd', 'Accept': '*/*', 'Connection': 'keep-alive'} 
 body=None 
 </msg>
<msg time="2025-04-17T14:14:54.803106" level="INFO">GET Response : url=https://api.restful-api.dev/objects 
 status=200, reason=OK 
 headers={'Date': 'Thu, 17 Apr 2025 06:14:54 GMT', 'Content-Type': 'application/json', 'Transfer-Encoding': 'chunked', 'Connection': 'keep-alive', 'Server': 'cloudflare', 'Vary': 'Origin, Access-Control-Request-Method, Access-Control-Request-Headers', 'Cf-Cache-Status': 'DYNAMIC', 'Content-Encoding': 'zstd', 'CF-RAY': '9319c8f07c8cff93-SIN', 'alt-svc': 'h3=":443"; ma=86400'} 
 body=[{"id":"1","name":"Google Pixel 6 Pro","data":{"color":"Cloudy White","capacity":"128 GB"}},{"id":"2","name":"Apple iPhone 12 Mini, 256GB, Blue","data":null},{"id":"3","name":"Apple iPhone 12 Pro Max","data":{"color":"Cloudy White","capacity GB":512}},{"id":"4","name":"Apple iPhone 11, 64GB","data":{"price":389.99,"color":"Purple"}},{"id":"5","name":"Samsung Galaxy Z Fold2","data":{"price":689.99,"color":"Brown"}},{"id":"6","name":"Apple AirPods","data":{"generation":"3rd","price":120}},{"id":"7","name":"Apple MacBook Pro 16","data":{"year":2019,"price":1849.99,"CPU model":"Intel Core i9","Hard disk size":"1 TB"}},{"id":"8","name":"Apple Watch Series 8","data":{"Strap Colour":"Elderberry","Case Size":"41mm"}},{"id":"9","name":"Beats Studio3 Wireless","data":{"Color":"Red","Description":"High-performance wireless noise cancelling headphones"}},{"id":"10","name":"Apple iPad Mini 5th Gen","data":{"Capacity":"64 GB","Screen size":7.9}},{"id":"11","name":"Apple iPad Mini 5th Gen","data":{"Capacity":"254 GB","Screen size":7.9}},{"id":"12","name":"Apple iPad Air","data":{"Generation":"4th","Price":"419.99","Capacity":"64 GB"}},{"id":"13","name":"Apple iPad Air","data":{"Generation":"4th","Price":"519.99","Capacity":"256 GB"}}] 
 </msg>
<msg time="2025-04-17T14:14:54.803351" level="INFO">${response} = &lt;Response [200]&gt;</msg>
<var>${response}</var>
<arg>${base.url}/objects</arg>
<doc>Sends a GET request.</doc>
<status status="PASS" start="2025-04-17T14:14:54.211611" elapsed="0.591848"/>
</kw>
<kw name="Should Be Equal As Strings" owner="BuiltIn">
<msg time="2025-04-17T14:14:54.805183" level="INFO">Argument types are:
&lt;class 'int'&gt;
&lt;class 'str'&gt;</msg>
<arg>${response.status_code}</arg>
<arg>200</arg>
<doc>Fails if objects are unequal after converting them to strings.</doc>
<status status="PASS" start="2025-04-17T14:14:54.804136" elapsed="0.001494"/>
</kw>
<kw name="Log" owner="BuiltIn">
<msg time="2025-04-17T14:14:54.807133" level="INFO">[{"id":"1","name":"Google Pixel 6 Pro","data":{"color":"Cloudy White","capacity":"128 GB"}},{"id":"2","name":"Apple iPhone 12 Mini, 256GB, Blue","data":null},{"id":"3","name":"Apple iPhone 12 Pro Max","data":{"color":"Cloudy White","capacity GB":512}},{"id":"4","name":"Apple iPhone 11, 64GB","data":{"price":389.99,"color":"Purple"}},{"id":"5","name":"Samsung Galaxy Z Fold2","data":{"price":689.99,"color":"Brown"}},{"id":"6","name":"Apple AirPods","data":{"generation":"3rd","price":120}},{"id":"7","name":"Apple MacBook Pro 16","data":{"year":2019,"price":1849.99,"CPU model":"Intel Core i9","Hard disk size":"1 TB"}},{"id":"8","name":"Apple Watch Series 8","data":{"Strap Colour":"Elderberry","Case Size":"41mm"}},{"id":"9","name":"Beats Studio3 Wireless","data":{"Color":"Red","Description":"High-performance wireless noise cancelling headphones"}},{"id":"10","name":"Apple iPad Mini 5th Gen","data":{"Capacity":"64 GB","Screen size":7.9}},{"id":"11","name":"Apple iPad Mini 5th Gen","data":{"Capacity":"254 GB","Screen size":7.9}},{"id":"12","name":"Apple iPad Air","data":{"Generation":"4th","Price":"419.99","Capacity":"64 GB"}},{"id":"13","name":"Apple iPad Air","data":{"Generation":"4th","Price":"519.99","Capacity":"256 GB"}}]</msg>
<arg>${response.content}</arg>
<arg>console=True</arg>
<doc>Logs the given message with the given level.</doc>
<status status="PASS" start="2025-04-17T14:14:54.806286" elapsed="0.001723"/>
</kw>
<kw name="Convert String To Json" owner="JSONLibrary">
<msg time="2025-04-17T14:14:54.809280" level="INFO">${all_objects} = [{'id': '1', 'name': 'Google Pixel 6 Pro', 'data': {'color': 'Cloudy White', 'capacity': '128 GB'}}, {'id': '2', 'name': 'Apple iPhone 12 Mini, 256GB, Blue', 'data': None}, {'id': '3', 'name': 'Apple ...</msg>
<var>${all_objects}</var>
<arg>${response.content}</arg>
<doc>Convert String to JSON object</doc>
<status status="PASS" start="2025-04-17T14:14:54.808335" elapsed="0.001150"/>
</kw>
<kw name="Evaluate" owner="BuiltIn">
<msg time="2025-04-17T14:14:54.811370" level="INFO">${item_found} = None</msg>
<var>${item_found}</var>
<arg>next((item for item in ${all_objects} if item["id"] == 6), None)</arg>
<doc>Evaluates the given expression in Python and returns the result.</doc>
<status status="PASS" start="2025-04-17T14:14:54.809984" elapsed="0.001664"/>
</kw>
<kw name="Should Not Be Equal" owner="BuiltIn">
<msg time="2025-04-17T14:14:54.812608" level="INFO">Argument types are:
&lt;class 'NoneType'&gt;
&lt;class 'str'&gt;</msg>
<arg>${item_found}</arg>
<arg>None</arg>
<doc>Fails if the given objects are equal.</doc>
<status status="PASS" start="2025-04-17T14:14:54.812131" elapsed="0.000719"/>
</kw>
<kw name="DELETE" owner="RequestsLibrary">
<msg time="2025-04-17T14:14:55.123635" level="INFO">DELETE Request : url=https://api.restful-api.dev/objects/6 
 path_url=/objects/6 
 headers={'User-Agent': 'python-requests/2.32.3', 'Accept-Encoding': 'gzip, deflate, zstd', 'Accept': '*/*', 'Connection': 'keep-alive', 'Content-Length': '0'} 
 body=None 
 </msg>
<msg time="2025-04-17T14:14:55.123964" level="INFO">DELETE Response : url=https://api.restful-api.dev/objects/6 
 status=405, reason=Method Not Allowed 
 headers={'Date': 'Thu, 17 Apr 2025 06:14:55 GMT', 'Content-Type': 'application/json', 'Transfer-Encoding': 'chunked', 'Connection': 'keep-alive', 'Server': 'cloudflare', 'Vary': 'Origin, Access-Control-Request-Method, Access-Control-Request-Headers', 'Cf-Cache-Status': 'DYNAMIC', 'CF-RAY': '9319c8f27e3bfdb8-SIN', 'alt-svc': 'h3=":443"; ma=86400'} 
 body={"error":"6 is a reserved id and the data object of it cannot be deleted. You can create your own new object via POST request and try to send a DELETE request with new generated object id."} 
 </msg>
<msg time="2025-04-17T14:14:55.124229" level="FAIL">HTTPError: 405 Client Error: Method Not Allowed for url: https://api.restful-api.dev/objects/6</msg>
<var>${delete_response}</var>
<arg>${base.url}/objects/6</arg>
<doc>Sends a DELETE request.</doc>
<status status="FAIL" start="2025-04-17T14:14:54.813389" elapsed="0.313878">HTTPError: 405 Client Error: Method Not Allowed for url: https://api.restful-api.dev/objects/6</status>
</kw>
<kw name="Should Be Equal As Strings" owner="BuiltIn">
<arg>${delete_response.status_code}</arg>
<arg>200</arg>
<doc>Fails if objects are unequal after converting them to strings.</doc>
<status status="NOT RUN" start="2025-04-17T14:14:55.127780" elapsed="0.000240"/>
</kw>
<kw name="Log" owner="BuiltIn">
<arg>${delete_response.content}</arg>
<arg>console=True</arg>
<doc>Logs the given message with the given level.</doc>
<status status="NOT RUN" start="2025-04-17T14:14:55.128350" elapsed="0.000195"/>
</kw>
<kw name="GET" owner="RequestsLibrary">
<var>${response}</var>
<arg>${base.url}/objects</arg>
<doc>Sends a GET request.</doc>
<status status="NOT RUN" start="2025-04-17T14:14:55.129134" elapsed="0.000373"/>
</kw>
<kw name="Should Be Equal As Strings" owner="BuiltIn">
<arg>${response.status_code}</arg>
<arg>200</arg>
<doc>Fails if objects are unequal after converting them to strings.</doc>
<status status="NOT RUN" start="2025-04-17T14:14:55.129853" elapsed="0.000201"/>
</kw>
<kw name="Log" owner="BuiltIn">
<arg>${response.content}</arg>
<arg>console=True</arg>
<doc>Logs the given message with the given level.</doc>
<status status="NOT RUN" start="2025-04-17T14:14:55.130337" elapsed="0.000146"/>
</kw>
<doc>Delete object(ID=6)</doc>
<status status="FAIL" start="2025-04-17T14:14:54.209317" elapsed="0.921565">HTTPError: 405 Client Error: Method Not Allowed for url: https://api.restful-api.dev/objects/6</status>
</test>
<status status="FAIL" start="2025-04-17T14:14:53.391739" elapsed="1.740575"/>
</suite>
<status status="FAIL" start="2025-04-17T14:14:53.388195" elapsed="1.746191"/>
</suite>
<status status="FAIL" start="2025-04-17T14:14:53.358998" elapsed="1.776677"/>
</suite>
<statistics>
<total>
<stat pass="0" fail="1" skip="0">All Tests</stat>
</total>
<tag>
</tag>
<suite>
<stat name="SharingSession" id="s1" pass="0" fail="1" skip="0">SharingSession</stat>
<stat name="Suites" id="s1-s1" pass="0" fail="1" skip="0">SharingSession.Suites</stat>
<stat name="07 Delete Object" id="s1-s1-s1" pass="0" fail="1" skip="0">SharingSession.Suites.07 Delete Object</stat>
</suite>
</statistics>
<errors>
</errors>
</robot>
